<?xml version="1.0" encoding="UTF-8"?>
<!-- Generated by org.testng.reporters.JUnitReportReporter -->
<testsuite hostname="DESKTOP-ERHMPND" failures="0" tests="2" name="basicNG.ANNOTATIONall" time="0.023" errors="0" timestamp="2022-09-23T02:09:33 GMT-07:00" skipped="0">
  <testcase classname="basicNG.ANNOTATIONall" name="first" time="0.017"/>
  <system-out/>
  <testcase classname="basicNG.ANNOTATIONall" name="second" time="0.006"/>
  <system-out/>
</testsuite> <!-- basicNG.ANNOTATIONall -->
