<?xml version="1.0" encoding="UTF-8"?>
<!-- Generated by org.testng.reporters.JUnitReportReporter -->
<testsuite hostname="DESKTOP-ERHMPND" failures="0" tests="1" name="basicNG.annotationTESTLEVEL" time="0.012" errors="0" timestamp="2022-09-23T02:17:06 GMT-07:00" skipped="0">
  <testcase classname="basicNG.annotationTESTLEVEL" name="login" time="0.012"/>
  <system-out/>
</testsuite> <!-- basicNG.annotationTESTLEVEL -->
