<?xml version="1.0" encoding="UTF-8"?>
<!-- Generated by org.testng.reporters.JUnitReportReporter -->
<testsuite hostname="DESKTOP-ERHMPND" failures="0" tests="5" name="basicNG.KeyWordINNOVCOUNT" time="0.028" errors="0" timestamp="2022-09-23T02:24:14 GMT-07:00" skipped="0">
  <testcase classname="basicNG.KeyWordINNOVCOUNT" name="login" time="0.003"/>
  <system-out/>
  <testcase classname="basicNG.KeyWordINNOVCOUNT" name="login" time="0.016"/>
  <system-out/>
  <testcase classname="basicNG.KeyWordINNOVCOUNT" name="login" time="0.002"/>
  <system-out/>
  <testcase classname="basicNG.KeyWordINNOVCOUNT" name="login" time="0.004"/>
  <system-out/>
  <testcase classname="basicNG.KeyWordINNOVCOUNT" name="login" time="0.003"/>
  <system-out/>
</testsuite> <!-- basicNG.KeyWordINNOVCOUNT -->
