<?xml version="1.0" encoding="UTF-8"?>
<!-- Generated by org.testng.reporters.JUnitReportReporter -->
<testsuite hostname="DESKTOP-ERHMPND" failures="0" tests="5" name="basicNG.ParallerTHreadpoolsize" time="89.205" errors="0" timestamp="2022-09-23T02:55:20 GMT-07:00" skipped="0">
  <testcase classname="basicNG.ParallerTHreadpoolsize" name="LaunchBrowser" time="18.319"/>
  <system-out/>
  <testcase classname="basicNG.ParallerTHreadpoolsize" name="LaunchBrowser" time="16.531"/>
  <system-out/>
  <testcase classname="basicNG.ParallerTHreadpoolsize" name="LaunchBrowser" time="17.681"/>
  <system-out/>
  <testcase classname="basicNG.ParallerTHreadpoolsize" name="LaunchBrowser" time="18.491"/>
  <system-out/>
  <testcase classname="basicNG.ParallerTHreadpoolsize" name="LaunchBrowser" time="18.183"/>
  <system-out/>
</testsuite> <!-- basicNG.ParallerTHreadpoolsize -->
