<?xml version="1.0" encoding="UTF-8"?>
<!-- Generated by org.testng.reporters.JUnitReportReporter -->
<testsuite hostname="DESKTOP-ERHMPND" failures="0" tests="4" name="basicNG.KEYenable" time="0.018" errors="0" timestamp="2022-09-23T02:34:28 GMT-07:00" skipped="2">
  <testcase classname="basicNG.KEYenable" name="one" time="0.016"/>
  <system-out/>
  <testcase classname="basicNG.KEYenable" name="two" time="0.002"/>
  <system-out/>
  <testcase classname="basicNG.KEYenable" name="four">
    <skipped/>
  </testcase> <!-- four -->
  <system-out/>
  <testcase classname="basicNG.KEYenable" name="three">
    <skipped/>
  </testcase> <!-- three -->
  <system-out/>
</testsuite> <!-- basicNG.KEYenable -->
