<?xml version="1.0" encoding="UTF-8"?>
<!-- Generated by org.testng.reporters.JUnitReportReporter -->
<testsuite hostname="DESKTOP-ERHMPND" failures="0" tests="1" name="basicNG.annotationSUITLEVEL" time="0.006" errors="0" timestamp="2022-09-23T02:17:06 GMT-07:00" skipped="0">
  <testcase classname="basicNG.annotationSUITLEVEL" name="login" time="0.006"/>
  <system-out/>
</testsuite> <!-- basicNG.annotationSUITLEVEL -->
