<?xml version="1.0" encoding="UTF-8"?>
<!-- Generated by org.testng.reporters.JUnitReportReporter -->
<testsuite hostname="DESKTOP-ERHMPND" failures="0" tests="2" name="Groping.GROUPING2" time="0.005" errors="0" timestamp="2022-09-23T10:21:03 GMT-07:00" skipped="0">
  <testcase classname="Groping.GROUPING2" name="testcase6" time="0.003"/>
  <system-out/>
  <testcase classname="Groping.GROUPING2" name="testcase5" time="0.002"/>
  <system-out/>
</testsuite> <!-- Groping.GROUPING2 -->
