<?xml version="1.0" encoding="UTF-8"?>
<!-- Generated by org.testng.reporters.JUnitReportReporter -->
<testsuite hostname="DESKTOP-ERHMPND" failures="0" tests="2" name="basicNG.ANOTATIONMETHOD" time="0.025" errors="0" timestamp="2022-09-23T01:56:01 GMT-07:00" skipped="0">
  <testcase classname="basicNG.ANOTATIONMETHOD" name="login" time="0.011"/>
  <system-out/>
  <testcase classname="basicNG.ANOTATIONMETHOD" name="logout" time="0.014"/>
  <system-out/>
</testsuite> <!-- basicNG.ANOTATIONMETHOD -->
