<?xml version="1.0" encoding="UTF-8"?>
<!-- Generated by org.testng.reporters.JUnitReportReporter -->
<testsuite hostname="DESKTOP-ERHMPND" failures="0" tests="1" name="pommmm.pomExuction" time="5.001" errors="0" timestamp="2022-09-29T23:04:57 GMT-07:00" skipped="0">
  <testcase classname="pommmm.pomExuction" name="verifyFacebook" time="5.001"/>
  <system-out/>
</testsuite> <!-- pommmm.pomExuction -->
