<?xml version="1.0" encoding="UTF-8"?>
<!-- Generated by org.testng.reporters.JUnitReportReporter -->
<testsuite hostname="DESKTOP-ERHMPND" failures="0" tests="2" name="Groping.BASICgrouping" time="0.017" errors="0" timestamp="2022-09-23T10:21:03 GMT-07:00" skipped="0">
  <testcase classname="Groping.BASICgrouping" name="testcase2" time="0.015"/>
  <system-out/>
  <testcase classname="Groping.BASICgrouping" name="testcase3" time="0.002"/>
  <system-out/>
</testsuite> <!-- Groping.BASICgrouping -->
