<?xml version="1.0" encoding="UTF-8"?>
<!-- Generated by org.testng.reporters.JUnitReportReporter -->
<testsuite hostname="DESKTOP-ERHMPND" failures="0" tests="3" name="basicNG.ng" time="0.036" errors="0" timestamp="2022-09-19T02:06:24 GMT-07:00" skipped="0">
  <testcase classname="basicNG.ng" name="login" time="0.020"/>
  <system-out/>
  <testcase classname="basicNG.ng" name="pass" time="0.005"/>
  <system-out/>
  <testcase classname="basicNG.ng" name="loginclick" time="0.011"/>
  <system-out/>
</testsuite> <!-- basicNG.ng -->
