<?xml version="1.0" encoding="UTF-8"?>
<!-- Generated by org.testng.reporters.JUnitReportReporter -->
<testsuite hostname="DESKTOP-ERHMPND" failures="0" tests="4" name="basicNG.KeywordTIMEOUT" time="0.035" errors="0" timestamp="2022-09-23T02:36:44 GMT-07:00" skipped="1">
  <testcase classname="basicNG.KeywordTIMEOUT" name="one" time="0.018"/>
  <system-out/>
  <testcase classname="basicNG.KeywordTIMEOUT" name="two" time="0.003"/>
  <system-out/>
  <testcase classname="basicNG.KeywordTIMEOUT" name="three" time="0.014"/>
  <system-out/>
  <testcase classname="basicNG.KeywordTIMEOUT" name="four">
    <skipped/>
  </testcase> <!-- four -->
  <system-out/>
</testsuite> <!-- basicNG.KeywordTIMEOUT -->
